Using pre-set license
Built from '2020.3/staging' branch; Version is '2020.3.18f1 (a7d1c678663c) revision 10998214'; Using compiler version '192528614'; Build Type 'Release'
OS: 'Windows 10 Home; OS build 19042.1288; Version 2009; 64bit' Language: 'zh' Physical Memory: 8155 MB
BatchMode: 1, IsHumanControllingUs: 0, StartBugReporterOnCrash: 0, Is64bit: 1, IsPro: 0

COMMAND LINE ARGUMENTS:
F:\dw\2020.3.18f1\Editor\Unity.exe
-adb2
-batchMode
-noUpm
-name
AssetImportWorker0
-projectPath
F:/gamework/dcdc/exam/exam/108051035
-logFile
Logs/AssetImportWorker0.log
-srvPort
65463
Successfully changed project path to: F:/gamework/dcdc/exam/exam/108051035
F:/gamework/dcdc/exam/exam/108051035
Using Asset Import Pipeline V2.
Refreshing native plugins compatible for Editor in 50.03 ms, found 3 plugins.
Preloading 0 native plugins for Editor in 0.00 ms.
Initialize engine version: 2020.3.18f1 (a7d1c678663c)
[Subsystems] Discovering subsystems at path F:/dw/2020.3.18f1/Editor/Data/Resources/UnitySubsystems
[Subsystems] Discovering subsystems at path F:/gamework/dcdc/exam/exam/108051035/Assets
GfxDevice: creating device client; threaded=0
Direct3D:
    Version:  Direct3D 11.0 [level 11.1]
    Renderer: NVIDIA GeForce GTX 1050 (ID=0x1c81)
    Vendor:   
    VRAM:     1977 MB
    Driver:   27.21.14.5671
Initialize mono
Mono path[0] = 'F:/dw/2020.3.18f1/Editor/Data/Managed'
Mono path[1] = 'F:/dw/2020.3.18f1/Editor/Data/MonoBleedingEdge/lib/mono/unityjit'
Mono config path = 'F:/dw/2020.3.18f1/Editor/Data/MonoBleedingEdge/etc'
Using monoOptions --debugger-agent=transport=dt_socket,embedding=1,server=y,suspend=n,address=127.0.0.1:56320
Begin MonoManager ReloadAssembly
Registering precompiled unity dll's ...
Register platform support module: F:/dw/2020.3.18f1/Editor/Data/PlaybackEngines/WindowsStandaloneSupport/UnityEditor.WindowsStandalone.Extensions.dll
Registered in 0.001105 seconds.
Native extension for WindowsStandalone target not found
Refreshing native plugins compatible for Editor in 67.08 ms, found 3 plugins.
Preloading 0 native plugins for Editor in 0.00 ms.
Mono: successfully reloaded assembly
- Completed reload, in  1.877 seconds
Domain Reload Profiling:
	ReloadAssembly (1877ms)
		BeginReloadAssembly (61ms)
			ExecutionOrderSort (0ms)
			DisableScriptedObjects (0ms)
			BackupInstance (0ms)
			ReleaseScriptingObjects (0ms)
			CreateAndSetChildDomain (1ms)
		EndReloadAssembly (631ms)
			LoadAssemblies (59ms)
			RebuildTransferFunctionScriptingTraits (0ms)
			SetupTypeCache (230ms)
			ReleaseScriptCaches (0ms)
			RebuildScriptCaches (37ms)
			SetupLoadedEditorAssemblies (246ms)
				LogAssemblyErrors (0ms)
				InitializePlatformSupportModulesInManaged (4ms)
				SetLoadedEditorAssemblies (0ms)
				RefreshPlugins (67ms)
				BeforeProcessingInitializeOnLoad (40ms)
				ProcessInitializeOnLoadAttributes (94ms)
				ProcessInitializeOnLoadMethodAttributes (39ms)
				AfterProcessingInitializeOnLoad (0ms)
				EditorAssembliesLoaded (0ms)
			ExecutionOrderSort2 (0ms)
			AwakeInstancesAfterBackupRestoration (0ms)
Platform modules already initialized, skipping
Registering precompiled user dll's ...
Registered in 0.004353 seconds.
Begin MonoManager ReloadAssembly
Native extension for WindowsStandalone target not found
Refreshing native plugins compatible for Editor in 50.21 ms, found 3 plugins.
Preloading 0 native plugins for Editor in 0.00 ms.
Mono: successfully reloaded assembly
- Completed reload, in  1.541 seconds
Domain Reload Profiling:
	ReloadAssembly (1542ms)
		BeginReloadAssembly (172ms)
			ExecutionOrderSort (0ms)
			DisableScriptedObjects (6ms)
			BackupInstance (0ms)
			ReleaseScriptingObjects (0ms)
			CreateAndSetChildDomain (25ms)
		EndReloadAssembly (1257ms)
			LoadAssemblies (105ms)
			RebuildTransferFunctionScriptingTraits (0ms)
			SetupTypeCache (467ms)
			ReleaseScriptCaches (0ms)
			RebuildScriptCaches (59ms)
			SetupLoadedEditorAssemblies (457ms)
				LogAssemblyErrors (0ms)
				InitializePlatformSupportModulesInManaged (4ms)
				SetLoadedEditorAssemblies (0ms)
				RefreshPlugins (50ms)
				BeforeProcessingInitializeOnLoad (96ms)
				ProcessInitializeOnLoadAttributes (280ms)
				ProcessInitializeOnLoadMethodAttributes (24ms)
				AfterProcessingInitializeOnLoad (3ms)
				EditorAssembliesLoaded (0ms)
			ExecutionOrderSort2 (0ms)
			AwakeInstancesAfterBackupRestoration (7ms)
Platform modules already initialized, skipping
========================================================================
Worker process is ready to serve import requests
Launched and connected shader compiler UnityShaderCompiler.exe after 0.14 seconds
Refreshing native plugins compatible for Editor in 0.50 ms, found 3 plugins.
Preloading 0 native plugins for Editor in 0.00 ms.
Unloading 2184 Unused Serialized files (Serialized files now loaded: 0)
System memory in use before: 95.7 MB.
System memory in use after: 95.8 MB.

Unloading 28 unused Assets to reduce memory usage. Loaded Objects now: 2619.
Total: 3.686700 ms (FindLiveObjects: 0.209900 ms CreateObjectMapping: 0.087400 ms MarkObjects: 3.294100 ms  DeleteObjects: 0.093800 ms)

AssetImportParameters requested are different than current active one (requested -> active):
  custom:framework-win-MediaFoundation: 216162199b28c13a410421893ffa2e32 -> 
  custom:video-decoder-ogg-theora: a1e56fd34408186e4bbccfd4996cb3dc -> 
  custom:container-muxer-webm: aa71ff27fc2769a1b78a27578f13a17b -> 
  custom:container-demuxer-webm: 4f35f7cbe854078d1ac9338744f61a02 -> 
  custom:container-demuxer-ogg: 62fdf1f143b41e24485cea50d1cbac27 -> 
  custom:video-encoder-webm-vp8: eb34c28f22e8b96e1ab97ce403110664 -> 
  custom:video-decoder-webm-vp8: 9c59270c3fd7afecdb556c50c9e8de78 -> 
  custom:audio-decoder-ogg-vorbis: bf7c407c2cedff20999df2af8eb42d56 -> 
  custom:audio-encoder-webm-vorbis: bf7c407c2cedff20999df2af8eb42d56 -> 
========================================================================
Received Import Request.
  path: Assets/圖片/人物/長條圖.png
  artifactKey: Guid(e4bf408f87e7c2c4f93c64ca864973b1) Importer(815301076,1909f56bfc062723c751e8b465ee728b)
Start importing Assets/圖片/人物/長條圖.png using Guid(e4bf408f87e7c2c4f93c64ca864973b1) Importer(815301076,1909f56bfc062723c751e8b465ee728b)  -> (artifact id: '7aa693b11d40a87655d4f862494fe05f') in 0.263034 seconds 
  Import took 0.274503 seconds .

========================================================================
Received Import Request.
  Time since last request: 17.852179 seconds.
  path: Assets/圖片/人物/長條圖.png
  artifactKey: Guid(e4bf408f87e7c2c4f93c64ca864973b1) Importer(815301076,1909f56bfc062723c751e8b465ee728b)
Start importing Assets/圖片/人物/長條圖.png using Guid(e4bf408f87e7c2c4f93c64ca864973b1) Importer(815301076,1909f56bfc062723c751e8b465ee728b)  -> (artifact id: '801b9283cb09171bbc03c51dfe5355df') in 0.025968 seconds 
  Import took 0.033871 seconds .

========================================================================
Received Import Request.
  Time since last request: 0.030606 seconds.
  path: Assets/圖片/人物/長條圖.png
  artifactKey: Guid(e4bf408f87e7c2c4f93c64ca864973b1) Importer(815301076,1909f56bfc062723c751e8b465ee728b)
Start importing Assets/圖片/人物/長條圖.png using Guid(e4bf408f87e7c2c4f93c64ca864973b1) Importer(815301076,1909f56bfc062723c751e8b465ee728b)  -> (artifact id: '801b9283cb09171bbc03c51dfe5355df') in 0.015456 seconds 
  Import took 0.019681 seconds .

========================================================================
Received Import Request.
  Time since last request: 22.347544 seconds.
  path: Assets/圖片/人物/長條圖.png
  artifactKey: Guid(e4bf408f87e7c2c4f93c64ca864973b1) Importer(815301076,1909f56bfc062723c751e8b465ee728b)
Start importing Assets/圖片/人物/長條圖.png using Guid(e4bf408f87e7c2c4f93c64ca864973b1) Importer(815301076,1909f56bfc062723c751e8b465ee728b)  -> (artifact id: 'a3017f8f1d0253401a3820c66b021610') in 0.078163 seconds 
  Import took 0.082255 seconds .

========================================================================
Received Import Request.
  Time since last request: 59.976025 seconds.
  path: Assets/圖片/人物/長條圖.png
  artifactKey: Guid(e4bf408f87e7c2c4f93c64ca864973b1) Importer(815301076,1909f56bfc062723c751e8b465ee728b)
Start importing Assets/圖片/人物/長條圖.png using Guid(e4bf408f87e7c2c4f93c64ca864973b1) Importer(815301076,1909f56bfc062723c751e8b465ee728b)  -> (artifact id: '41f6875a0bf135b8aa8294d84f1320c4') in 0.052842 seconds 
  Import took 0.057647 seconds .

========================================================================
Received Import Request.
  Time since last request: 13.533482 seconds.
  path: Assets/圖片/人物/長條圖.png
  artifactKey: Guid(e4bf408f87e7c2c4f93c64ca864973b1) Importer(815301076,1909f56bfc062723c751e8b465ee728b)
Start importing Assets/圖片/人物/長條圖.png using Guid(e4bf408f87e7c2c4f93c64ca864973b1) Importer(815301076,1909f56bfc062723c751e8b465ee728b)  -> (artifact id: '3d3235fc14c83985c343494df8a95598') in 0.069489 seconds 
  Import took 0.074044 seconds .

========================================================================
Received Import Request.
  Time since last request: 42.664970 seconds.
  path: Assets/圖片/人物/長條圖.png
  artifactKey: Guid(e4bf408f87e7c2c4f93c64ca864973b1) Importer(815301076,1909f56bfc062723c751e8b465ee728b)
Start importing Assets/圖片/人物/長條圖.png using Guid(e4bf408f87e7c2c4f93c64ca864973b1) Importer(815301076,1909f56bfc062723c751e8b465ee728b)  -> (artifact id: '324a81843289311c16fb60aed0e213ef') in 0.056778 seconds 
  Import took 0.061505 seconds .

========================================================================
Received Import Request.
  Time since last request: 24.103789 seconds.
  path: Assets/圖片/人物/長條圖.png
  artifactKey: Guid(e4bf408f87e7c2c4f93c64ca864973b1) Importer(815301076,1909f56bfc062723c751e8b465ee728b)
Start importing Assets/圖片/人物/長條圖.png using Guid(e4bf408f87e7c2c4f93c64ca864973b1) Importer(815301076,1909f56bfc062723c751e8b465ee728b)  -> (artifact id: 'e85087b1e075bd4c739b3095aa57775f') in 0.066672 seconds 
  Import took 0.074701 seconds .

========================================================================
Received Import Request.
  Time since last request: 11.153309 seconds.
  path: Assets/圖片/人物/長條圖.png
  artifactKey: Guid(e4bf408f87e7c2c4f93c64ca864973b1) Importer(815301076,1909f56bfc062723c751e8b465ee728b)
Start importing Assets/圖片/人物/長條圖.png using Guid(e4bf408f87e7c2c4f93c64ca864973b1) Importer(815301076,1909f56bfc062723c751e8b465ee728b)  -> (artifact id: 'fb87ffebc9d4525ffbcdce61a0830ebb') in 0.058485 seconds 
  Import took 0.066616 seconds .

========================================================================
Received Import Request.
  Time since last request: 2728.553945 seconds.
  path: Assets/動畫/主角走路.controller
  artifactKey: Guid(56044f96ee8846b4e8cd4a74041d8cf7) Importer(815301076,1909f56bfc062723c751e8b465ee728b)
Start importing Assets/動畫/主角走路.controller using Guid(56044f96ee8846b4e8cd4a74041d8cf7) Importer(815301076,1909f56bfc062723c751e8b465ee728b)  -> (artifact id: '08cd63486bf861463389893d4150392d') in 0.195612 seconds 
  Import took 0.295796 seconds .

========================================================================
Received Import Request.
  Time since last request: 0.073486 seconds.
  path: Assets/動畫/主角走路.controller
  artifactKey: Guid(56044f96ee8846b4e8cd4a74041d8cf7) Importer(815301076,1909f56bfc062723c751e8b465ee728b)
Start importing Assets/動畫/主角走路.controller using Guid(56044f96ee8846b4e8cd4a74041d8cf7) Importer(815301076,1909f56bfc062723c751e8b465ee728b)  -> (artifact id: '08cd63486bf861463389893d4150392d') in 0.008802 seconds 
  Import took 0.017194 seconds .

========================================================================
Received Prepare
Registering precompiled user dll's ...
Registered in 0.261498 seconds.
Begin MonoManager ReloadAssembly
Native extension for WindowsStandalone target not found
Refreshing native plugins compatible for Editor in 0.76 ms, found 3 plugins.
Preloading 0 native plugins for Editor in 0.00 ms.
Mono: successfully reloaded assembly
- Completed reload, in  1.957 seconds
Domain Reload Profiling:
	ReloadAssembly (1960ms)
		BeginReloadAssembly (337ms)
			ExecutionOrderSort (0ms)
			DisableScriptedObjects (25ms)
			BackupInstance (0ms)
			ReleaseScriptingObjects (0ms)
			CreateAndSetChildDomain (175ms)
		EndReloadAssembly (1511ms)
			LoadAssemblies (205ms)
			RebuildTransferFunctionScriptingTraits (0ms)
			SetupTypeCache (551ms)
			ReleaseScriptCaches (2ms)
			RebuildScriptCaches (75ms)
			SetupLoadedEditorAssemblies (509ms)
				LogAssemblyErrors (0ms)
				InitializePlatformSupportModulesInManaged (9ms)
				SetLoadedEditorAssemblies (1ms)
				RefreshPlugins (1ms)
				BeforeProcessingInitializeOnLoad (123ms)
				ProcessInitializeOnLoadAttributes (349ms)
				ProcessInitializeOnLoadMethodAttributes (22ms)
				AfterProcessingInitializeOnLoad (4ms)
				EditorAssembliesLoaded (0ms)
			ExecutionOrderSort2 (0ms)
			AwakeInstancesAfterBackupRestoration (20ms)
Platform modules already initialized, skipping
Refreshing native plugins compatible for Editor in 0.87 ms, found 3 plugins.
Preloading 0 native plugins for Editor in 0.00 ms.
Unloading 2173 Unused Serialized files (Serialized files now loaded: 0)
System memory in use before: 98.0 MB.
System memory in use after: 98.1 MB.

Unloading 17 unused Assets to reduce memory usage. Loaded Objects now: 2637.
Total: 7.831600 ms (FindLiveObjects: 0.224300 ms CreateObjectMapping: 0.100700 ms MarkObjects: 7.464700 ms  DeleteObjects: 0.040400 ms)

AssetImportParameters requested are different than current active one (requested -> active):
  custom:framework-win-MediaFoundation: 216162199b28c13a410421893ffa2e32 -> 
  custom:video-decoder-ogg-theora: a1e56fd34408186e4bbccfd4996cb3dc -> 
  custom:container-muxer-webm: aa71ff27fc2769a1b78a27578f13a17b -> 
  custom:container-demuxer-webm: 4f35f7cbe854078d1ac9338744f61a02 -> 
  custom:container-demuxer-ogg: 62fdf1f143b41e24485cea50d1cbac27 -> 
  custom:video-encoder-webm-vp8: eb34c28f22e8b96e1ab97ce403110664 -> 
  custom:video-decoder-webm-vp8: 9c59270c3fd7afecdb556c50c9e8de78 -> 
  custom:audio-decoder-ogg-vorbis: bf7c407c2cedff20999df2af8eb42d56 -> 
  custom:audio-encoder-webm-vorbis: bf7c407c2cedff20999df2af8eb42d56 -> 
========================================================================
Received Prepare
Registering precompiled user dll's ...
Registered in 0.004173 seconds.
Begin MonoManager ReloadAssembly
Native extension for WindowsStandalone target not found
Refreshing native plugins compatible for Editor in 0.50 ms, found 3 plugins.
Preloading 0 native plugins for Editor in 0.00 ms.
Mono: successfully reloaded assembly
- Completed reload, in  1.769 seconds
Domain Reload Profiling:
	ReloadAssembly (1770ms)
		BeginReloadAssembly (123ms)
			ExecutionOrderSort (0ms)
			DisableScriptedObjects (7ms)
			BackupInstance (0ms)
			ReleaseScriptingObjects (0ms)
			CreateAndSetChildDomain (44ms)
		EndReloadAssembly (1583ms)
			LoadAssemblies (127ms)
			RebuildTransferFunctionScriptingTraits (0ms)
			SetupTypeCache (443ms)
			ReleaseScriptCaches (2ms)
			RebuildScriptCaches (89ms)
			SetupLoadedEditorAssemblies (761ms)
				LogAssemblyErrors (0ms)
				InitializePlatformSupportModulesInManaged (8ms)
				SetLoadedEditorAssemblies (1ms)
				RefreshPlugins (1ms)
				BeforeProcessingInitializeOnLoad (105ms)
				ProcessInitializeOnLoadAttributes (618ms)
				ProcessInitializeOnLoadMethodAttributes (25ms)
				AfterProcessingInitializeOnLoad (3ms)
				EditorAssembliesLoaded (0ms)
			ExecutionOrderSort2 (0ms)
			AwakeInstancesAfterBackupRestoration (16ms)
Platform modules already initialized, skipping
Refreshing native plugins compatible for Editor in 0.53 ms, found 3 plugins.
Preloading 0 native plugins for Editor in 0.00 ms.
Unloading 2173 Unused Serialized files (Serialized files now loaded: 0)
System memory in use before: 98.0 MB.
System memory in use after: 98.2 MB.

Unloading 17 unused Assets to reduce memory usage. Loaded Objects now: 2639.
Total: 4.417600 ms (FindLiveObjects: 0.325200 ms CreateObjectMapping: 0.136400 ms MarkObjects: 3.914900 ms  DeleteObjects: 0.038800 ms)

AssetImportParameters requested are different than current active one (requested -> active):
  custom:framework-win-MediaFoundation: 216162199b28c13a410421893ffa2e32 -> 
  custom:video-decoder-ogg-theora: a1e56fd34408186e4bbccfd4996cb3dc -> 
  custom:container-muxer-webm: aa71ff27fc2769a1b78a27578f13a17b -> 
  custom:container-demuxer-webm: 4f35f7cbe854078d1ac9338744f61a02 -> 
  custom:container-demuxer-ogg: 62fdf1f143b41e24485cea50d1cbac27 -> 
  custom:video-encoder-webm-vp8: eb34c28f22e8b96e1ab97ce403110664 -> 
  custom:video-decoder-webm-vp8: 9c59270c3fd7afecdb556c50c9e8de78 -> 
  custom:audio-decoder-ogg-vorbis: bf7c407c2cedff20999df2af8eb42d56 -> 
  custom:audio-encoder-webm-vorbis: bf7c407c2cedff20999df2af8eb42d56 -> 
========================================================================
Received Import Request.
  Time since last request: 934.108411 seconds.
  path: Assets/動畫/主角走路.controller
  artifactKey: Guid(56044f96ee8846b4e8cd4a74041d8cf7) Importer(815301076,1909f56bfc062723c751e8b465ee728b)
Start importing Assets/動畫/主角走路.controller using Guid(56044f96ee8846b4e8cd4a74041d8cf7) Importer(815301076,1909f56bfc062723c751e8b465ee728b)  -> (artifact id: 'c04fff3d0c44059597253105afe91a28') in 0.106928 seconds 
  Import took 0.114551 seconds .

AssetImportWorkerClient::OnTransportError - code=2 error=End of file
